<?xml version="1.0" encoding="UTF-8"?>
<TestRun id="c8c1d84d-1a97-450f-a35d-ec706eb02953" name="Putnik@PUTNIK-PK 2012-06-20 22:35:16" runUser="Putnik-Pk\Putnik" xmlns="http://microsoft.com/schemas/VisualStudio/TeamTest/2010">
  <TestSettings name="Local" id="22fcd1b1-de5e-47bf-9496-00c7fd2f38f4">
    <Description>These are default test settings for a local test run.</Description>
    <Deployment enabled="false" runDeploymentRoot="Putnik_PUTNIK-PK 2012-06-20 22_35_16">
      <DeploymentItem filename="c:\users\putnik\documents\visual studio 11\Projects\TemplateTask\TemplateTask\bin\Debug\TemplateTask.exe" />
    </Deployment>
    <Execution>
      <TestTypeSpecific />
      <AgentRule name="Execution Agents">
      </AgentRule>
    </Execution>
  </TestSettings>
  <Times creation="2012-06-20T22:35:16.1318000+03:00" queuing="2012-06-20T22:35:19.6458000+03:00" start="2012-06-20T22:35:19.8158000+03:00" finish="2012-06-20T22:35:20.6258000+03:00" />
  <ResultSummary outcome="Failed">
    <Counters total="3" executed="3" error="0" failed="2" timeout="0" aborted="0" inconclusive="1" passedButRunAborted="0" notRunnable="0" notExecuted="0" disconnected="0" warning="0" passed="0" completed="0" inProgress="0" pending="0" />
    <RunInfos>
      <RunInfo computerName="PUTNIK-PK" outcome="Warning" timestamp="2012-06-20T22:35:16.4148000+03:00">
        <Text>Deployment is currently disabled. The deployment item 'TemplateTask.exe' on test 'UnitTests.ProgramTest.RenderTest' was not deployed.</Text>
      </RunInfo>
    </RunInfos>
  </ResultSummary>
  <TestDefinitions>
    <UnitTest name="RenderTest" storage="c:\users\putnik\documents\visual studio 11\projects\templatetask\unittests\bin\debug\unittests.dll" id="5cd59b92-49fd-f038-770c-c02c8fb34bb7">
      <DeploymentItems>
        <DeploymentItem filename="TemplateTask.exe" />
      </DeploymentItems>
      <Execution id="5943491a-a6ea-4652-b4f0-35b1ec5c0e33" />
      <TestMethod codeBase="c:/users/putnik/documents/visual studio 11/Projects/TemplateTask/UnitTests/bin/Debug/UnitTests.DLL" adapterTypeName="Microsoft.VisualStudio.TestTools.TestTypes.Unit.UnitTestAdapter, Microsoft.VisualStudio.QualityTools.Tips.UnitTest.Adapter, Version=11.0.0.0, Culture=neutral, PublicKeyToken=b03f5f7f11d50a3a" className="UnitTests.ProgramTest, UnitTests, Version=1.0.0.0, Culture=neutral, PublicKeyToken=null" name="RenderTest" />
    </UnitTest>
    <UnitTest name="ProgramConstructorTest" storage="c:\users\putnik\documents\visual studio 11\projects\templatetask\unittests\bin\debug\unittests.dll" id="080e9ac2-cdb6-aa21-3bd5-0b70615a2fd8">
      <DeploymentItems>
        <DeploymentItem filename="TemplateTask.exe" />
      </DeploymentItems>
      <Execution id="e93ea2df-6cfd-4380-b8c3-5ae405cd3143" />
      <TestMethod codeBase="c:/users/putnik/documents/visual studio 11/Projects/TemplateTask/UnitTests/bin/Debug/UnitTests.DLL" adapterTypeName="Microsoft.VisualStudio.TestTools.TestTypes.Unit.UnitTestAdapter, Microsoft.VisualStudio.QualityTools.Tips.UnitTest.Adapter, Version=11.0.0.0, Culture=neutral, PublicKeyToken=b03f5f7f11d50a3a" className="UnitTests.ProgramTest, UnitTests, Version=1.0.0.0, Culture=neutral, PublicKeyToken=null" name="ProgramConstructorTest" />
    </UnitTest>
    <UnitTest name="MainTest" storage="c:\users\putnik\documents\visual studio 11\projects\templatetask\unittests\bin\debug\unittests.dll" id="e8d83070-036a-7184-ddfe-8143672ffaaf">
      <DeploymentItems>
        <DeploymentItem filename="TemplateTask.exe" />
      </DeploymentItems>
      <Execution id="3925503f-b9ad-4af0-bb49-efb6f86351fa" />
      <TestMethod codeBase="c:/users/putnik/documents/visual studio 11/Projects/TemplateTask/UnitTests/bin/Debug/UnitTests.DLL" adapterTypeName="Microsoft.VisualStudio.TestTools.TestTypes.Unit.UnitTestAdapter, Microsoft.VisualStudio.QualityTools.Tips.UnitTest.Adapter, Version=11.0.0.0, Culture=neutral, PublicKeyToken=b03f5f7f11d50a3a" className="UnitTests.ProgramTest, UnitTests, Version=1.0.0.0, Culture=neutral, PublicKeyToken=null" name="MainTest" />
    </UnitTest>
  </TestDefinitions>
  <TestLists>
    <TestList name="Results Not in a List" id="8c84fa94-04c1-424b-9868-57a2d4851a1d" />
    <TestList name="All Loaded Results" id="19431567-8539-422a-85d7-44ee4e166bda" />
  </TestLists>
  <TestEntries>
    <TestEntry testId="080e9ac2-cdb6-aa21-3bd5-0b70615a2fd8" executionId="e93ea2df-6cfd-4380-b8c3-5ae405cd3143" testListId="8c84fa94-04c1-424b-9868-57a2d4851a1d" />
    <TestEntry testId="5cd59b92-49fd-f038-770c-c02c8fb34bb7" executionId="5943491a-a6ea-4652-b4f0-35b1ec5c0e33" testListId="8c84fa94-04c1-424b-9868-57a2d4851a1d" />
    <TestEntry testId="e8d83070-036a-7184-ddfe-8143672ffaaf" executionId="3925503f-b9ad-4af0-bb49-efb6f86351fa" testListId="8c84fa94-04c1-424b-9868-57a2d4851a1d" />
  </TestEntries>
  <Results>
    <UnitTestResult executionId="e93ea2df-6cfd-4380-b8c3-5ae405cd3143" testId="080e9ac2-cdb6-aa21-3bd5-0b70615a2fd8" testName="ProgramConstructorTest" computerName="PUTNIK-PK" duration="00:00:00.0941082" startTime="2012-06-20T22:35:19.7758000+03:00" endTime="2012-06-20T22:35:20.4758000+03:00" testType="13cdc9d9-ddb5-4fa4-a97d-d965ccfc6d4b" outcome="Inconclusive" testListId="8c84fa94-04c1-424b-9868-57a2d4851a1d" relativeResultsDirectory="e93ea2df-6cfd-4380-b8c3-5ae405cd3143">
      <Output>
        <ErrorInfo>
          <Message>Assert.Inconclusive failed. TODO: Implement code to verify target</Message>
          <StackTrace>   в UnitTests.ProgramTest.ProgramConstructorTest() в c:\Users\Putnik\Documents\Visual Studio 11\Projects\TemplateTask\UnitTests\ProgramTest.cs:строка 75
</StackTrace>
        </ErrorInfo>
      </Output>
    </UnitTestResult>
    <UnitTestResult executionId="5943491a-a6ea-4652-b4f0-35b1ec5c0e33" testId="5cd59b92-49fd-f038-770c-c02c8fb34bb7" testName="RenderTest" computerName="PUTNIK-PK" duration="00:00:00.0402162" startTime="2012-06-20T22:35:20.4758000+03:00" endTime="2012-06-20T22:35:20.5258000+03:00" testType="13cdc9d9-ddb5-4fa4-a97d-d965ccfc6d4b" outcome="Failed" testListId="8c84fa94-04c1-424b-9868-57a2d4851a1d" relativeResultsDirectory="5943491a-a6ea-4652-b4f0-35b1ec5c0e33">
      <Output>
        <ErrorInfo>
          <Message>Test method UnitTests.ProgramTest.RenderTest threw exception: 
System.NotImplementedException: Метод или операция не реализована.</Message>
          <StackTrace>    в UnitTests.Program_Accessor.Render() в c:\Users\Putnik\Documents\Visual Studio 11\Projects\TemplateTask\UnitTests\Program_Accessor.cs:строка 17
   в UnitTests.ProgramTest.RenderTest() в c:\Users\Putnik\Documents\Visual Studio 11\Projects\TemplateTask\UnitTests\ProgramTest.cs:строка 98
</StackTrace>
        </ErrorInfo>
      </Output>
    </UnitTestResult>
    <UnitTestResult executionId="3925503f-b9ad-4af0-bb49-efb6f86351fa" testId="e8d83070-036a-7184-ddfe-8143672ffaaf" testName="MainTest" computerName="PUTNIK-PK" duration="00:00:00.0066810" startTime="2012-06-20T22:35:20.5358000+03:00" endTime="2012-06-20T22:35:20.5558000+03:00" testType="13cdc9d9-ddb5-4fa4-a97d-d965ccfc6d4b" outcome="Failed" testListId="8c84fa94-04c1-424b-9868-57a2d4851a1d" relativeResultsDirectory="3925503f-b9ad-4af0-bb49-efb6f86351fa">
      <Output>
        <ErrorInfo>
          <Message>Test method UnitTests.ProgramTest.MainTest threw exception: 
System.NotImplementedException: Метод или операция не реализована.</Message>
          <StackTrace>    в UnitTests.Program_Accessor.Main(String[] args) в c:\Users\Putnik\Documents\Visual Studio 11\Projects\TemplateTask\UnitTests\Program_Accessor.cs:строка 12
   в UnitTests.ProgramTest.MainTest() в c:\Users\Putnik\Documents\Visual Studio 11\Projects\TemplateTask\UnitTests\ProgramTest.cs:строка 86
</StackTrace>
        </ErrorInfo>
      </Output>
    </UnitTestResult>
  </Results>
</TestRun>